Relaxing input structure...
Calculating normal modes...
Real eigenvalues expressed as wavectors in cm-1
809.863
800.157
800.157
797.026
797.026
771.469
771.469
724.214
724.214
686.347
591.363
541.431
541.431
458.304
458.304
375.242
375.242
312.421
306.943
283.479
183.828
183.828
179.411
179.411
179.411
179.411
166.159
166.159
166.159
166.159
144.838
144.838
144.838
144.838
117.938
117.938
117.938
117.938
92.5062
92.5062
84.6225
84.6225
60.6123
60.6123
60.6123
60.6123
37.0484
37.0484
37.0484
37.0484
18.9265
18.9265
18.9265
18.9265
6.95793
6.95793
6.95793
6.95793
0.00220861
0.00220859
